Using pre-set license
Built from '2021.1/staging' branch; Version is '2021.1.13f1 (a03098edbbe0) revision 10498200'; Using compiler version '192528614'; Build Type 'Release'
OS: 'Windows 10 Home Single Language; OS build 19043.1348; Version 2009; 64bit' Language: 'es' Physical Memory: 7959 MB
BatchMode: 1, IsHumanControllingUs: 0, StartBugReporterOnCrash: 0, Is64bit: 1, IsPro: 0

 COMMAND LINE ARGUMENTS:
C:\Program Files\Unity 2021.1.13f1\Editor\Unity.exe
-adb2
-batchMode
-noUpm
-name
AssetImportWorker0
-projectPath
D:/SEPTIMO SEMESTRE/DESARROLLO DE ENTORNOS DE REALIDAD VIRTUAL/InfinityHunter_Oficial
-logFile
Logs/AssetImportWorker0.log
-srvPort
52927
Successfully changed project path to: D:/SEPTIMO SEMESTRE/DESARROLLO DE ENTORNOS DE REALIDAD VIRTUAL/InfinityHunter_Oficial
D:/SEPTIMO SEMESTRE/DESARROLLO DE ENTORNOS DE REALIDAD VIRTUAL/InfinityHunter_Oficial
Using Asset Import Pipeline V2.
Refreshing native plugins compatible for Editor in 125.41 ms, found 2 plugins.
Preloading 0 native plugins for Editor in 0.00 ms.
Initialize engine version: 2021.1.13f1 (a03098edbbe0)
[Subsystems] Discovering subsystems at path C:/Program Files/Unity 2021.1.13f1/Editor/Data/Resources/UnitySubsystems
[Subsystems] Discovering subsystems at path D:/SEPTIMO SEMESTRE/DESARROLLO DE ENTORNOS DE REALIDAD VIRTUAL/InfinityHunter_Oficial/Assets
GfxDevice: creating device client; threaded=0; jobified=0
Direct3D:
    Version:  Direct3D 11.0 [level 11.1]
    Renderer: Intel(R) UHD Graphics (ID=0x8a56)
    Vendor:   Intel
    VRAM:     3979 MB
    Driver:   27.20.100.9365
Initialize mono
Mono path[0] = 'C:/Program Files/Unity 2021.1.13f1/Editor/Data/Managed'
Mono path[1] = 'C:/Program Files/Unity 2021.1.13f1/Editor/Data/MonoBleedingEdge/lib/mono/unityjit'
Mono config path = 'C:/Program Files/Unity 2021.1.13f1/Editor/Data/MonoBleedingEdge/etc'
Using monoOptions --debugger-agent=transport=dt_socket,embedding=1,server=y,suspend=n,address=127.0.0.1:56992
Begin MonoManager ReloadAssembly
Registering precompiled unity dll's ...
Register platform support module: C:/Program Files/Unity 2021.1.13f1/Editor/Data/PlaybackEngines/WindowsStandaloneSupport/UnityEditor.WindowsStandalone.Extensions.dll
Registered in 0.002784 seconds.
Native extension for WindowsStandalone target not found
Refreshing native plugins compatible for Editor in 99.49 ms, found 2 plugins.
Preloading 0 native plugins for Editor in 0.00 ms.
Mono: successfully reloaded assembly
- Completed reload, in  4.822 seconds
Domain Reload Profiling:
	ReloadAssembly (4823ms)
		BeginReloadAssembly (118ms)
			ExecutionOrderSort (0ms)
			DisableScriptedObjects (0ms)
			BackupInstance (0ms)
			ReleaseScriptingObjects (0ms)
			CreateAndSetChildDomain (2ms)
		EndReloadAssembly (1080ms)
			LoadAssemblies (113ms)
			RebuildTransferFunctionScriptingTraits (0ms)
			SetupTypeCache (425ms)
			ReleaseScriptCaches (0ms)
			RebuildScriptCaches (76ms)
			SetupLoadedEditorAssemblies (470ms)
				LogAssemblyErrors (0ms)
				InitializePlatformSupportModulesInManaged (14ms)
				SetLoadedEditorAssemblies (1ms)
				RefreshPlugins (100ms)
				BeforeProcessingInitializeOnLoad (3ms)
				ProcessInitializeOnLoadAttributes (272ms)
				ProcessInitializeOnLoadMethodAttributes (79ms)
				AfterProcessingInitializeOnLoad (0ms)
				EditorAssembliesLoaded (1ms)
			ExecutionOrderSort2 (0ms)
			AwakeInstancesAfterBackupRestoration (0ms)
Platform modules already initialized, skipping
Registering precompiled user dll's ...
Registered in 0.003728 seconds.
Begin MonoManager ReloadAssembly
Native extension for WindowsStandalone target not found
Refreshing native plugins compatible for Editor in 0.79 ms, found 2 plugins.
Preloading 0 native plugins for Editor in 0.00 ms.
Mono: successfully reloaded assembly
- Completed reload, in  5.807 seconds
Domain Reload Profiling:
	ReloadAssembly (5808ms)
		BeginReloadAssembly (382ms)
			ExecutionOrderSort (0ms)
			DisableScriptedObjects (11ms)
			BackupInstance (0ms)
			ReleaseScriptingObjects (0ms)
			CreateAndSetChildDomain (50ms)
		EndReloadAssembly (5222ms)
			LoadAssemblies (247ms)
			RebuildTransferFunctionScriptingTraits (0ms)
			SetupTypeCache (1111ms)
			ReleaseScriptCaches (1ms)
			RebuildScriptCaches (149ms)
			SetupLoadedEditorAssemblies (2922ms)
				LogAssemblyErrors (0ms)
				InitializePlatformSupportModulesInManaged (41ms)
				SetLoadedEditorAssemblies (1ms)
				RefreshPlugins (1ms)
				BeforeProcessingInitializeOnLoad (235ms)
				ProcessInitializeOnLoadAttributes (2584ms)
				ProcessInitializeOnLoadMethodAttributes (21ms)
				AfterProcessingInitializeOnLoad (37ms)
				EditorAssembliesLoaded (1ms)
			ExecutionOrderSort2 (0ms)
			AwakeInstancesAfterBackupRestoration (42ms)
Platform modules already initialized, skipping
========================================================================
Worker process is ready to serve import requests
Launched and connected shader compiler UnityShaderCompiler.exe after 0.55 seconds
Refreshing native plugins compatible for Editor in 2.33 ms, found 2 plugins.
Preloading 0 native plugins for Editor in 0.00 ms.
Unloading 1438 Unused Serialized files (Serialized files now loaded: 0)
System memory in use before: 83.2 MB.
System memory in use after: 83.2 MB.

Unloading 16 unused Assets to reduce memory usage. Loaded Objects now: 1908.
Total: 8.003200 ms (FindLiveObjects: 0.604700 ms CreateObjectMapping: 0.362200 ms MarkObjects: 6.414700 ms  DeleteObjects: 0.612000 ms)

AssetImportParameters requested are different than current active one (requested -> active):
  custom:framework-win-MediaFoundation: 216162199b28c13a410421893ffa2e32 -> 
  custom:video-decoder-ogg-theora: a1e56fd34408186e4bbccfd4996cb3dc -> 
  custom:container-muxer-webm: aa71ff27fc2769a1b78a27578f13a17b -> 
  custom:container-demuxer-webm: 4f35f7cbe854078d1ac9338744f61a02 -> 
  custom:container-demuxer-ogg: 62fdf1f143b41e24485cea50d1cbac27 -> 
  custom:video-encoder-webm-vp8: eb34c28f22e8b96e1ab97ce403110664 -> 
  custom:video-codec-MediaFoundation-h265: 746d11721c4dcdbdad8f713fa42b33f4 -> 
  custom:video-decoder-webm-vp8: 9c59270c3fd7afecdb556c50c9e8de78 -> 
  custom:audio-decoder-ogg-vorbis: bf7c407c2cedff20999df2af8eb42d56 -> 
  custom:audio-encoder-webm-vorbis: bf7c407c2cedff20999df2af8eb42d56 -> 
========================================================================
Received Import Request.
  path: Assets/Scripts/Ataques/AtaqueEnemigo.cs
  artifactKey: Guid(0bb05101c971e9043b68bd6f6efae8ba) Importer(815301076,1909f56bfc062723c751e8b465ee728b)
Start importing Assets/Scripts/Ataques/AtaqueEnemigo.cs using Guid(0bb05101c971e9043b68bd6f6efae8ba) Importer(815301076,1909f56bfc062723c751e8b465ee728b)  -> (artifact id: '57ce2577df28a148b12db9edbddcb0c2') in 0.148741 seconds 
========================================================================
Received Prepare
Refreshing native plugins compatible for Editor in 8.60 ms, found 2 plugins.
Preloading 0 native plugins for Editor in 0.00 ms.
Unloading 9 Unused Serialized files (Serialized files now loaded: 0)
System memory in use before: 53.1 MB.
System memory in use after: 53.2 MB.

Unloading 9 unused Assets to reduce memory usage. Loaded Objects now: 1908.
Total: 9.159700 ms (FindLiveObjects: 0.375100 ms CreateObjectMapping: 0.199700 ms MarkObjects: 8.546700 ms  DeleteObjects: 0.033400 ms)

AssetImportParameters requested are different than current active one (requested -> active):
  custom:framework-win-MediaFoundation: 216162199b28c13a410421893ffa2e32 -> 
  custom:video-decoder-ogg-theora: a1e56fd34408186e4bbccfd4996cb3dc -> 
  custom:container-muxer-webm: aa71ff27fc2769a1b78a27578f13a17b -> 
  custom:container-demuxer-webm: 4f35f7cbe854078d1ac9338744f61a02 -> 
  custom:container-demuxer-ogg: 62fdf1f143b41e24485cea50d1cbac27 -> 
  custom:video-encoder-webm-vp8: eb34c28f22e8b96e1ab97ce403110664 -> 
  custom:video-codec-MediaFoundation-h265: 746d11721c4dcdbdad8f713fa42b33f4 -> 
  custom:video-decoder-webm-vp8: 9c59270c3fd7afecdb556c50c9e8de78 -> 
  custom:audio-decoder-ogg-vorbis: bf7c407c2cedff20999df2af8eb42d56 -> 
  custom:audio-encoder-webm-vorbis: bf7c407c2cedff20999df2af8eb42d56 -> 
========================================================================
Received Import Request.
  Time since last request: 16.574654 seconds.
  path: Assets/Scripts/Ataques/AtaqueEnemigo.cs
  artifactKey: Guid(0bb05101c971e9043b68bd6f6efae8ba) Importer(815301076,1909f56bfc062723c751e8b465ee728b)
Start importing Assets/Scripts/Ataques/AtaqueEnemigo.cs using Guid(0bb05101c971e9043b68bd6f6efae8ba) Importer(815301076,1909f56bfc062723c751e8b465ee728b)  -> (artifact id: '15f5d626bdec3f783b4fa74e758a4212') in 0.008922 seconds 
========================================================================
Received Import Request.
  Time since last request: 4.254267 seconds.
  path: Assets/Scripts/Ataques/AtaqueEnemigo.cs
  artifactKey: Guid(0bb05101c971e9043b68bd6f6efae8ba) Importer(815301076,1909f56bfc062723c751e8b465ee728b)
Start importing Assets/Scripts/Ataques/AtaqueEnemigo.cs using Guid(0bb05101c971e9043b68bd6f6efae8ba) Importer(815301076,1909f56bfc062723c751e8b465ee728b)  -> (artifact id: 'af8f837f07b3b3f67512c60412802ef7') in 0.010686 seconds 
========================================================================
Received Prepare
Registering precompiled user dll's ...
Registered in 0.017565 seconds.
Begin MonoManager ReloadAssembly
Native extension for WindowsStandalone target not found
Refreshing native plugins compatible for Editor in 1.54 ms, found 2 plugins.
Preloading 0 native plugins for Editor in 0.00 ms.
Mono: successfully reloaded assembly
- Completed reload, in  8.084 seconds
Domain Reload Profiling:
	ReloadAssembly (8085ms)
		BeginReloadAssembly (263ms)
			ExecutionOrderSort (0ms)
			DisableScriptedObjects (51ms)
			BackupInstance (0ms)
			ReleaseScriptingObjects (0ms)
			CreateAndSetChildDomain (69ms)
		EndReloadAssembly (7676ms)
			LoadAssemblies (251ms)
			RebuildTransferFunctionScriptingTraits (0ms)
			SetupTypeCache (4320ms)
			ReleaseScriptCaches (6ms)
			RebuildScriptCaches (512ms)
			SetupLoadedEditorAssemblies (1191ms)
				LogAssemblyErrors (0ms)
				InitializePlatformSupportModulesInManaged (63ms)
				SetLoadedEditorAssemblies (2ms)
				RefreshPlugins (2ms)
				BeforeProcessingInitializeOnLoad (245ms)
				ProcessInitializeOnLoadAttributes (834ms)
				ProcessInitializeOnLoadMethodAttributes (19ms)
				AfterProcessingInitializeOnLoad (25ms)
				EditorAssembliesLoaded (1ms)
			ExecutionOrderSort2 (0ms)
			AwakeInstancesAfterBackupRestoration (29ms)
Platform modules already initialized, skipping
Refreshing native plugins compatible for Editor in 0.69 ms, found 2 plugins.
Preloading 0 native plugins for Editor in 0.00 ms.
Unloading 1419 Unused Serialized files (Serialized files now loaded: 0)
System memory in use before: 81.7 MB.
System memory in use after: 81.8 MB.

Unloading 11 unused Assets to reduce memory usage. Loaded Objects now: 1910.
Total: 5.723600 ms (FindLiveObjects: 0.320800 ms CreateObjectMapping: 0.137300 ms MarkObjects: 5.200800 ms  DeleteObjects: 0.061800 ms)

AssetImportParameters requested are different than current active one (requested -> active):
  custom:framework-win-MediaFoundation: 216162199b28c13a410421893ffa2e32 -> 
  custom:video-decoder-ogg-theora: a1e56fd34408186e4bbccfd4996cb3dc -> 
  custom:container-muxer-webm: aa71ff27fc2769a1b78a27578f13a17b -> 
  custom:container-demuxer-webm: 4f35f7cbe854078d1ac9338744f61a02 -> 
  custom:container-demuxer-ogg: 62fdf1f143b41e24485cea50d1cbac27 -> 
  custom:video-encoder-webm-vp8: eb34c28f22e8b96e1ab97ce403110664 -> 
  custom:video-codec-MediaFoundation-h265: 746d11721c4dcdbdad8f713fa42b33f4 -> 
  custom:video-decoder-webm-vp8: 9c59270c3fd7afecdb556c50c9e8de78 -> 
  custom:audio-decoder-ogg-vorbis: bf7c407c2cedff20999df2af8eb42d56 -> 
  custom:audio-encoder-webm-vorbis: bf7c407c2cedff20999df2af8eb42d56 -> 
========================================================================
Received Prepare
Registering precompiled user dll's ...
Registered in 0.003198 seconds.
Begin MonoManager ReloadAssembly
Native extension for WindowsStandalone target not found
Refreshing native plugins compatible for Editor in 0.92 ms, found 2 plugins.
Preloading 0 native plugins for Editor in 0.00 ms.
Mono: successfully reloaded assembly
- Completed reload, in  3.007 seconds
Domain Reload Profiling:
	ReloadAssembly (3009ms)
		BeginReloadAssembly (367ms)
			ExecutionOrderSort (0ms)
			DisableScriptedObjects (37ms)
			BackupInstance (0ms)
			ReleaseScriptingObjects (0ms)
			CreateAndSetChildDomain (103ms)
		EndReloadAssembly (2449ms)
			LoadAssemblies (350ms)
			RebuildTransferFunctionScriptingTraits (0ms)
			SetupTypeCache (755ms)
			ReleaseScriptCaches (1ms)
			RebuildScriptCaches (109ms)
			SetupLoadedEditorAssemblies (924ms)
				LogAssemblyErrors (0ms)
				InitializePlatformSupportModulesInManaged (19ms)
				SetLoadedEditorAssemblies (2ms)
				RefreshPlugins (1ms)
				BeforeProcessingInitializeOnLoad (165ms)
				ProcessInitializeOnLoadAttributes (701ms)
				ProcessInitializeOnLoadMethodAttributes (16ms)
				AfterProcessingInitializeOnLoad (19ms)
				EditorAssembliesLoaded (1ms)
			ExecutionOrderSort2 (0ms)
			AwakeInstancesAfterBackupRestoration (29ms)
Platform modules already initialized, skipping
Refreshing native plugins compatible for Editor in 0.99 ms, found 2 plugins.
Preloading 0 native plugins for Editor in 0.00 ms.
Unloading 1419 Unused Serialized files (Serialized files now loaded: 0)
System memory in use before: 81.7 MB.
System memory in use after: 81.8 MB.

Unloading 11 unused Assets to reduce memory usage. Loaded Objects now: 1912.
Total: 4.154200 ms (FindLiveObjects: 0.366200 ms CreateObjectMapping: 0.137200 ms MarkObjects: 3.610300 ms  DeleteObjects: 0.036200 ms)

AssetImportParameters requested are different than current active one (requested -> active):
  custom:framework-win-MediaFoundation: 216162199b28c13a410421893ffa2e32 -> 
  custom:video-decoder-ogg-theora: a1e56fd34408186e4bbccfd4996cb3dc -> 
  custom:container-muxer-webm: aa71ff27fc2769a1b78a27578f13a17b -> 
  custom:container-demuxer-webm: 4f35f7cbe854078d1ac9338744f61a02 -> 
  custom:container-demuxer-ogg: 62fdf1f143b41e24485cea50d1cbac27 -> 
  custom:video-encoder-webm-vp8: eb34c28f22e8b96e1ab97ce403110664 -> 
  custom:video-codec-MediaFoundation-h265: 746d11721c4dcdbdad8f713fa42b33f4 -> 
  custom:video-decoder-webm-vp8: 9c59270c3fd7afecdb556c50c9e8de78 -> 
  custom:audio-decoder-ogg-vorbis: bf7c407c2cedff20999df2af8eb42d56 -> 
  custom:audio-encoder-webm-vorbis: bf7c407c2cedff20999df2af8eb42d56 -> 
========================================================================
Received Import Request.
  Time since last request: 233.771989 seconds.
  path: Assets/Characters/Arquera/erika_archer_bow_arrow.fbx
  artifactKey: Guid(c6caf1ab3cc7a6347b6a1cfcf07987af) Importer(815301076,1909f56bfc062723c751e8b465ee728b)
Start importing Assets/Characters/Arquera/erika_archer_bow_arrow.fbx using Guid(c6caf1ab3cc7a6347b6a1cfcf07987af) Importer(815301076,1909f56bfc062723c751e8b465ee728b)  -> (artifact id: 'f942238c184dfec0a72702494d4c71c4') in 2.527503 seconds 
========================================================================
Received Import Request.
  Time since last request: 0.000723 seconds.
  path: Assets/Characters/Arquera/erika_archer_bow_arrow@Orc Idle 2.fbx
  artifactKey: Guid(313c3bf82e1209747877b46e461fd6c5) Importer(815301076,1909f56bfc062723c751e8b465ee728b)
Start importing Assets/Characters/Arquera/erika_archer_bow_arrow@Orc Idle 2.fbx using Guid(313c3bf82e1209747877b46e461fd6c5) Importer(815301076,1909f56bfc062723c751e8b465ee728b)  -> (artifact id: '43c291c55c82f9d7b2390f72a2663d4c') in 0.368316 seconds 
========================================================================
Received Import Request.
  Time since last request: 0.000609 seconds.
  path: Assets/Characters/Arquera/erika_archer_bow_arrow@Standing Run Left.fbx
  artifactKey: Guid(994d1d6b9fc4bc84088a6ff032b75024) Importer(815301076,1909f56bfc062723c751e8b465ee728b)
Start importing Assets/Characters/Arquera/erika_archer_bow_arrow@Standing Run Left.fbx using Guid(994d1d6b9fc4bc84088a6ff032b75024) Importer(815301076,1909f56bfc062723c751e8b465ee728b)  -> (artifact id: 'fbe13a7a7785640dc43e3b3e4418c6eb') in 0.332934 seconds 
========================================================================
Received Import Request.
  Time since last request: 0.000687 seconds.
  path: Assets/Characters/Arquera/erika_archer_bow_arrow@Standing Run Forward 1.fbx
  artifactKey: Guid(e4d1beff8ca456949b5102f2733eb5c9) Importer(815301076,1909f56bfc062723c751e8b465ee728b)
Start importing Assets/Characters/Arquera/erika_archer_bow_arrow@Standing Run Forward 1.fbx using Guid(e4d1beff8ca456949b5102f2733eb5c9) Importer(815301076,1909f56bfc062723c751e8b465ee728b)  -> (artifact id: 'd28665cc6254cde7321bcbac1f7e2d11') in 0.337104 seconds 
========================================================================
Received Import Request.
  Time since last request: 1.071554 seconds.
  path: Assets/Characters/Arquera/Animaciones Arco/erika_archer_bow_arrow.fbx
  artifactKey: Guid(c465221db08411b4ab53b0b4f5c8bc67) Importer(815301076,1909f56bfc062723c751e8b465ee728b)
Start importing Assets/Characters/Arquera/Animaciones Arco/erika_archer_bow_arrow.fbx using Guid(c465221db08411b4ab53b0b4f5c8bc67) Importer(815301076,1909f56bfc062723c751e8b465ee728b)  -> (artifact id: 'b5ba21abeb40775bc2e1d08e72ea9edf') in 0.334378 seconds 
========================================================================
Received Import Request.
  Time since last request: 0.000480 seconds.
  path: Assets/Characters/Arquera/Animaciones Arco/standing idle 01.fbx
  artifactKey: Guid(3ad42c32362a8c8429a66d5f77cab1e8) Importer(815301076,1909f56bfc062723c751e8b465ee728b)
Start importing Assets/Characters/Arquera/Animaciones Arco/standing idle 01.fbx using Guid(3ad42c32362a8c8429a66d5f77cab1e8) Importer(815301076,1909f56bfc062723c751e8b465ee728b)  -> (artifact id: 'b986e5311ec9c520b93bd8138d1a4cb9') in 0.048927 seconds 
========================================================================
Received Import Request.
  Time since last request: 0.000937 seconds.
  path: Assets/Characters/Arquera/Animaciones Arco/standing draw arrow.fbx
  artifactKey: Guid(9795f0bfdd3a17846a9f3ed2ecbe1807) Importer(815301076,1909f56bfc062723c751e8b465ee728b)
Start importing Assets/Characters/Arquera/Animaciones Arco/standing draw arrow.fbx using Guid(9795f0bfdd3a17846a9f3ed2ecbe1807) Importer(815301076,1909f56bfc062723c751e8b465ee728b)  -> (artifact id: 'bde38feda81fabd37fd931c2dfcda384') in 0.050549 seconds 
========================================================================
Received Import Request.
  Time since last request: 0.000509 seconds.
  path: Assets/Characters/Arquera/Animaciones Arco/standing aim walk back.fbx
  artifactKey: Guid(e7d5523b2a68f2444b13f821313263ea) Importer(815301076,1909f56bfc062723c751e8b465ee728b)
Start importing Assets/Characters/Arquera/Animaciones Arco/standing aim walk back.fbx using Guid(e7d5523b2a68f2444b13f821313263ea) Importer(815301076,1909f56bfc062723c751e8b465ee728b)  -> (artifact id: 'fab9b2e3bdce05068751ab08812ee96d') in 0.048759 seconds 
========================================================================
Received Import Request.
  Time since last request: 0.001452 seconds.
  path: Assets/Characters/Arquera/Animaciones Arco/standing aim recoil.fbx
  artifactKey: Guid(944f786cc4a2a59449288357591d686e) Importer(815301076,1909f56bfc062723c751e8b465ee728b)
Start importing Assets/Characters/Arquera/Animaciones Arco/standing aim recoil.fbx using Guid(944f786cc4a2a59449288357591d686e) Importer(815301076,1909f56bfc062723c751e8b465ee728b)  -> (artifact id: '12e4cff61031819aba8a3dbc023d4e17') in 0.059957 seconds 
========================================================================
Received Import Request.
  Time since last request: 0.000628 seconds.
  path: Assets/Characters/Arquera/Animaciones Arco/standing aim walk left.fbx
  artifactKey: Guid(dd43b2e45b69c2e43bb0ce1232d449ba) Importer(815301076,1909f56bfc062723c751e8b465ee728b)
Start importing Assets/Characters/Arquera/Animaciones Arco/standing aim walk left.fbx using Guid(dd43b2e45b69c2e43bb0ce1232d449ba) Importer(815301076,1909f56bfc062723c751e8b465ee728b)  -> (artifact id: '699d8ea34980866e52642e85f5f17d09') in 0.059758 seconds 
========================================================================
Received Import Request.
  Time since last request: 0.000497 seconds.
  path: Assets/Characters/Arquera/Animaciones Arco/standing aim walk forward.fbx
  artifactKey: Guid(331323ab3fbde424ca17ed1f47c1d508) Importer(815301076,1909f56bfc062723c751e8b465ee728b)
Start importing Assets/Characters/Arquera/Animaciones Arco/standing aim walk forward.fbx using Guid(331323ab3fbde424ca17ed1f47c1d508) Importer(815301076,1909f56bfc062723c751e8b465ee728b)  -> (artifact id: '8a7390044f780ff0a6cdfdf2db41936f') in 0.102434 seconds 
========================================================================
Received Import Request.
  Time since last request: 0.000528 seconds.
  path: Assets/Characters/Arquera/Animaciones Arco/standing aim walk right.fbx
  artifactKey: Guid(c0f72b17c985220428f1957a3b0e8562) Importer(815301076,1909f56bfc062723c751e8b465ee728b)
Start importing Assets/Characters/Arquera/Animaciones Arco/standing aim walk right.fbx using Guid(c0f72b17c985220428f1957a3b0e8562) Importer(815301076,1909f56bfc062723c751e8b465ee728b)  -> (artifact id: 'e937fc7185fde12e816f4142f2644a9b') in 0.056550 seconds 
========================================================================
Received Import Request.
  Time since last request: 0.000460 seconds.
  path: Assets/Characters/Arquera/Animaciones Arco/standing aim overdraw.fbx
  artifactKey: Guid(1f4d49792dc4f144abdccb62b24ebfcd) Importer(815301076,1909f56bfc062723c751e8b465ee728b)
Start importing Assets/Characters/Arquera/Animaciones Arco/standing aim overdraw.fbx using Guid(1f4d49792dc4f144abdccb62b24ebfcd) Importer(815301076,1909f56bfc062723c751e8b465ee728b)  -> (artifact id: 'd2a64b823ed047da10e9c0a26a4e9c82') in 0.057039 seconds 
========================================================================
Received Import Request.
  Time since last request: 31.090462 seconds.
  path: Assets/Characters/Prefabs Finales/NPC-MEN Variant.prefab
  artifactKey: Guid(e6231b7822de334429346139e13d8918) Importer(815301076,1909f56bfc062723c751e8b465ee728b)
Start importing Assets/Characters/Prefabs Finales/NPC-MEN Variant.prefab using Guid(e6231b7822de334429346139e13d8918) Importer(815301076,1909f56bfc062723c751e8b465ee728b)  -> (artifact id: '88bbac5cd31cb6070a4454b0fd3641a2') in 0.890804 seconds 
========================================================================
Received Import Request.
  Time since last request: 0.000469 seconds.
  path: Assets/Characters/Prefabs Finales/NPC-MEN.prefab
  artifactKey: Guid(25a03f0427df85b40a1737961fe4a32c) Importer(815301076,1909f56bfc062723c751e8b465ee728b)
Start importing Assets/Characters/Prefabs Finales/NPC-MEN.prefab using Guid(25a03f0427df85b40a1737961fe4a32c) Importer(815301076,1909f56bfc062723c751e8b465ee728b)  -> (artifact id: 'cc9fcf000790f2bb1f13fd20dc76da8b') in 0.180593 seconds 
========================================================================
Received Prepare
Registering precompiled user dll's ...
Registered in 0.005515 seconds.
Begin MonoManager ReloadAssembly
Native extension for WindowsStandalone target not found
Refreshing native plugins compatible for Editor in 0.72 ms, found 2 plugins.
Preloading 0 native plugins for Editor in 0.00 ms.
Mono: successfully reloaded assembly
- Completed reload, in  2.195 seconds
Domain Reload Profiling:
	ReloadAssembly (2196ms)
		BeginReloadAssembly (312ms)
			ExecutionOrderSort (0ms)
			DisableScriptedObjects (16ms)
			BackupInstance (0ms)
			ReleaseScriptingObjects (0ms)
			CreateAndSetChildDomain (113ms)
		EndReloadAssembly (1697ms)
			LoadAssemblies (207ms)
			RebuildTransferFunctionScriptingTraits (0ms)
			SetupTypeCache (567ms)
			ReleaseScriptCaches (2ms)
			RebuildScriptCaches (89ms)
			SetupLoadedEditorAssemblies (624ms)
				LogAssemblyErrors (0ms)
				InitializePlatformSupportModulesInManaged (11ms)
				SetLoadedEditorAssemblies (1ms)
				RefreshPlugins (1ms)
				BeforeProcessingInitializeOnLoad (99ms)
				ProcessInitializeOnLoadAttributes (491ms)
				ProcessInitializeOnLoadMethodAttributes (9ms)
				AfterProcessingInitializeOnLoad (12ms)
				EditorAssembliesLoaded (1ms)
			ExecutionOrderSort2 (0ms)
			AwakeInstancesAfterBackupRestoration (15ms)
Platform modules already initialized, skipping
Refreshing native plugins compatible for Editor in 1.08 ms, found 2 plugins.
Preloading 0 native plugins for Editor in 0.00 ms.
Unloading 1419 Unused Serialized files (Serialized files now loaded: 0)
System memory in use before: 100.5 MB.
System memory in use after: 100.7 MB.

Unloading 11 unused Assets to reduce memory usage. Loaded Objects now: 1958.
Total: 6.750100 ms (FindLiveObjects: 0.370100 ms CreateObjectMapping: 0.177200 ms MarkObjects: 6.154400 ms  DeleteObjects: 0.044200 ms)

AssetImportParameters requested are different than current active one (requested -> active):
  custom:framework-win-MediaFoundation: 216162199b28c13a410421893ffa2e32 -> 
  custom:video-decoder-ogg-theora: a1e56fd34408186e4bbccfd4996cb3dc -> 
  custom:container-muxer-webm: aa71ff27fc2769a1b78a27578f13a17b -> 
  custom:container-demuxer-webm: 4f35f7cbe854078d1ac9338744f61a02 -> 
  custom:container-demuxer-ogg: 62fdf1f143b41e24485cea50d1cbac27 -> 
  custom:video-encoder-webm-vp8: eb34c28f22e8b96e1ab97ce403110664 -> 
  custom:video-codec-MediaFoundation-h265: 746d11721c4dcdbdad8f713fa42b33f4 -> 
  custom:video-decoder-webm-vp8: 9c59270c3fd7afecdb556c50c9e8de78 -> 
  custom:audio-decoder-ogg-vorbis: bf7c407c2cedff20999df2af8eb42d56 -> 
  custom:audio-encoder-webm-vorbis: bf7c407c2cedff20999df2af8eb42d56 -> 
========================================================================
Received Prepare
Registering precompiled user dll's ...
Registered in 0.008049 seconds.
Begin MonoManager ReloadAssembly
Native extension for WindowsStandalone target not found
Refreshing native plugins compatible for Editor in 0.75 ms, found 2 plugins.
Preloading 0 native plugins for Editor in 0.00 ms.
Mono: successfully reloaded assembly
- Completed reload, in  4.348 seconds
Domain Reload Profiling:
	ReloadAssembly (4351ms)
		BeginReloadAssembly (225ms)
			ExecutionOrderSort (0ms)
			DisableScriptedObjects (7ms)
			BackupInstance (0ms)
			ReleaseScriptingObjects (0ms)
			CreateAndSetChildDomain (70ms)
		EndReloadAssembly (3987ms)
			LoadAssemblies (173ms)
			RebuildTransferFunctionScriptingTraits (0ms)
			SetupTypeCache (753ms)
			ReleaseScriptCaches (3ms)
			RebuildScriptCaches (94ms)
			SetupLoadedEditorAssemblies (2593ms)
				LogAssemblyErrors (0ms)
				InitializePlatformSupportModulesInManaged (11ms)
				SetLoadedEditorAssemblies (1ms)
				RefreshPlugins (1ms)
				BeforeProcessingInitializeOnLoad (104ms)
				ProcessInitializeOnLoadAttributes (2440ms)
				ProcessInitializeOnLoadMethodAttributes (14ms)
				AfterProcessingInitializeOnLoad (21ms)
				EditorAssembliesLoaded (1ms)
			ExecutionOrderSort2 (0ms)
			AwakeInstancesAfterBackupRestoration (23ms)
Platform modules already initialized, skipping
Refreshing native plugins compatible for Editor in 0.69 ms, found 2 plugins.
Preloading 0 native plugins for Editor in 0.00 ms.
Unloading 1419 Unused Serialized files (Serialized files now loaded: 0)
System memory in use before: 100.6 MB.
System memory in use after: 100.7 MB.

Unloading 11 unused Assets to reduce memory usage. Loaded Objects now: 1960.
Total: 8.197700 ms (FindLiveObjects: 0.679600 ms CreateObjectMapping: 0.437800 ms MarkObjects: 7.027500 ms  DeleteObjects: 0.048300 ms)

AssetImportParameters requested are different than current active one (requested -> active):
  custom:framework-win-MediaFoundation: 216162199b28c13a410421893ffa2e32 -> 
  custom:video-decoder-ogg-theora: a1e56fd34408186e4bbccfd4996cb3dc -> 
  custom:container-muxer-webm: aa71ff27fc2769a1b78a27578f13a17b -> 
  custom:container-demuxer-webm: 4f35f7cbe854078d1ac9338744f61a02 -> 
  custom:container-demuxer-ogg: 62fdf1f143b41e24485cea50d1cbac27 -> 
  custom:video-encoder-webm-vp8: eb34c28f22e8b96e1ab97ce403110664 -> 
  custom:video-codec-MediaFoundation-h265: 746d11721c4dcdbdad8f713fa42b33f4 -> 
  custom:video-decoder-webm-vp8: 9c59270c3fd7afecdb556c50c9e8de78 -> 
  custom:audio-decoder-ogg-vorbis: bf7c407c2cedff20999df2af8eb42d56 -> 
  custom:audio-encoder-webm-vorbis: bf7c407c2cedff20999df2af8eb42d56 -> 
========================================================================
Received Prepare
Registering precompiled user dll's ...
Registered in 0.119694 seconds.
Begin MonoManager ReloadAssembly
Native extension for WindowsStandalone target not found
Refreshing native plugins compatible for Editor in 0.73 ms, found 2 plugins.
Preloading 0 native plugins for Editor in 0.00 ms.
Mono: successfully reloaded assembly
- Completed reload, in  4.676 seconds
Domain Reload Profiling:
	ReloadAssembly (4678ms)
		BeginReloadAssembly (503ms)
			ExecutionOrderSort (0ms)
			DisableScriptedObjects (41ms)
			BackupInstance (0ms)
			ReleaseScriptingObjects (0ms)
			CreateAndSetChildDomain (187ms)
		EndReloadAssembly (3945ms)
			LoadAssemblies (629ms)
			RebuildTransferFunctionScriptingTraits (0ms)
			SetupTypeCache (1347ms)
			ReleaseScriptCaches (6ms)
			RebuildScriptCaches (168ms)
			SetupLoadedEditorAssemblies (1435ms)
				LogAssemblyErrors (0ms)
				InitializePlatformSupportModulesInManaged (32ms)
				SetLoadedEditorAssemblies (2ms)
				RefreshPlugins (1ms)
				BeforeProcessingInitializeOnLoad (147ms)
				ProcessInitializeOnLoadAttributes (1211ms)
				ProcessInitializeOnLoadMethodAttributes (22ms)
				AfterProcessingInitializeOnLoad (19ms)
				EditorAssembliesLoaded (1ms)
			ExecutionOrderSort2 (0ms)
			AwakeInstancesAfterBackupRestoration (30ms)
Platform modules already initialized, skipping
Refreshing native plugins compatible for Editor in 0.98 ms, found 2 plugins.
Preloading 0 native plugins for Editor in 0.00 ms.
Unloading 1419 Unused Serialized files (Serialized files now loaded: 0)
System memory in use before: 100.6 MB.
System memory in use after: 100.7 MB.

Unloading 11 unused Assets to reduce memory usage. Loaded Objects now: 1962.
Total: 12.956300 ms (FindLiveObjects: 0.245600 ms CreateObjectMapping: 0.075700 ms MarkObjects: 12.590000 ms  DeleteObjects: 0.041400 ms)

AssetImportParameters requested are different than current active one (requested -> active):
  custom:framework-win-MediaFoundation: 216162199b28c13a410421893ffa2e32 -> 
  custom:video-decoder-ogg-theora: a1e56fd34408186e4bbccfd4996cb3dc -> 
  custom:container-muxer-webm: aa71ff27fc2769a1b78a27578f13a17b -> 
  custom:container-demuxer-webm: 4f35f7cbe854078d1ac9338744f61a02 -> 
  custom:container-demuxer-ogg: 62fdf1f143b41e24485cea50d1cbac27 -> 
  custom:video-encoder-webm-vp8: eb34c28f22e8b96e1ab97ce403110664 -> 
  custom:video-codec-MediaFoundation-h265: 746d11721c4dcdbdad8f713fa42b33f4 -> 
  custom:video-decoder-webm-vp8: 9c59270c3fd7afecdb556c50c9e8de78 -> 
  custom:audio-decoder-ogg-vorbis: bf7c407c2cedff20999df2af8eb42d56 -> 
  custom:audio-encoder-webm-vorbis: bf7c407c2cedff20999df2af8eb42d56 -> 
========================================================================
Received Import Request.
  Time since last request: 2110.537266 seconds.
  path: Assets/Characters/Barbaro/brute.fbx
  artifactKey: Guid(9b93ce662c2653b4781fe214e2fd258f) Importer(815301076,1909f56bfc062723c751e8b465ee728b)
Start importing Assets/Characters/Barbaro/brute.fbx using Guid(9b93ce662c2653b4781fe214e2fd258f) Importer(815301076,1909f56bfc062723c751e8b465ee728b)  -> (artifact id: 'ea1a3f76aee3bdd022a393c38e02e96d') in 1.419363 seconds 
========================================================================
Received Import Request.
  Time since last request: 0.000773 seconds.
  path: Assets/Characters/Barbaro/Sitting Idle.fbx
  artifactKey: Guid(d28deb86de878054fa592f035327d0a2) Importer(815301076,1909f56bfc062723c751e8b465ee728b)
Start importing Assets/Characters/Barbaro/Sitting Idle.fbx using Guid(d28deb86de878054fa592f035327d0a2) Importer(815301076,1909f56bfc062723c751e8b465ee728b)  -> (artifact id: '1acf7372ef47966e2ba7c67142680c9c') in 0.511597 seconds 
========================================================================
Received Import Request.
  Time since last request: 0.000356 seconds.
  path: Assets/Characters/Barbaro/Yelling.fbx
  artifactKey: Guid(e87c8940879bd2d45951e85efe9ba3b1) Importer(815301076,1909f56bfc062723c751e8b465ee728b)
Start importing Assets/Characters/Barbaro/Yelling.fbx using Guid(e87c8940879bd2d45951e85efe9ba3b1) Importer(815301076,1909f56bfc062723c751e8b465ee728b)  -> (artifact id: 'd44ea0e8ac45117aff2ee0da198cfb08') in 0.327472 seconds 
========================================================================
Received Import Request.
  Time since last request: 0.000585 seconds.
  path: Assets/Characters/Barbaro/Talking.fbx
  artifactKey: Guid(f802bf82f734a2e47a123ebb3dc3a95b) Importer(815301076,1909f56bfc062723c751e8b465ee728b)
Start importing Assets/Characters/Barbaro/Talking.fbx using Guid(f802bf82f734a2e47a123ebb3dc3a95b) Importer(815301076,1909f56bfc062723c751e8b465ee728b)  -> (artifact id: '1b914e9a14290aa1de2090d63df634eb') in 0.549159 seconds 
========================================================================
Received Import Request.
  Time since last request: 0.000675 seconds.
  path: Assets/Characters/Barbaro/Getting Up.fbx
  artifactKey: Guid(534e7a2d87c360d4fa85793052c8ac1a) Importer(815301076,1909f56bfc062723c751e8b465ee728b)
Start importing Assets/Characters/Barbaro/Getting Up.fbx using Guid(534e7a2d87c360d4fa85793052c8ac1a) Importer(815301076,1909f56bfc062723c751e8b465ee728b)  -> (artifact id: 'acfddf4ccc67f40e65574c20daa4256c') in 1.676780 seconds 
========================================================================
Received Import Request.
  Time since last request: 118.896469 seconds.
  path: Assets/Scenes/House on night.unity
  artifactKey: Guid(9aea0b041e61f9f449df1339b0ff7e03) Importer(815301076,1909f56bfc062723c751e8b465ee728b)
Start importing Assets/Scenes/House on night.unity using Guid(9aea0b041e61f9f449df1339b0ff7e03) Importer(815301076,1909f56bfc062723c751e8b465ee728b)  -> (artifact id: '8b0a0f22f4d25892cee340a978e0c42b') in 0.027607 seconds 
========================================================================
Received Import Request.
  Time since last request: 182.175189 seconds.
  path: Assets/Characters/Soldados/Breathing Idle.fbx
  artifactKey: Guid(28838604f2fac674798d2ab266887bc6) Importer(815301076,1909f56bfc062723c751e8b465ee728b)
Start importing Assets/Characters/Soldados/Breathing Idle.fbx using Guid(28838604f2fac674798d2ab266887bc6) Importer(815301076,1909f56bfc062723c751e8b465ee728b)  -> (artifact id: '046f12996e7b927cfc5d61b71e381604') in 0.234675 seconds 
========================================================================
Received Import Request.
  Time since last request: 0.000549 seconds.
  path: Assets/Characters/Soldados/paladin_prop_j_nordstrom.fbx
  artifactKey: Guid(f25db5ad280eab249aec5fea0276dd52) Importer(815301076,1909f56bfc062723c751e8b465ee728b)
Start importing Assets/Characters/Soldados/paladin_prop_j_nordstrom.fbx using Guid(f25db5ad280eab249aec5fea0276dd52) Importer(815301076,1909f56bfc062723c751e8b465ee728b)  -> (artifact id: '6c0583796d7be149d7cbe8aa96114c41') in 0.157900 seconds 
========================================================================
Received Import Request.
  Time since last request: 0.000689 seconds.
  path: Assets/Characters/Soldados/Idle.fbx
  artifactKey: Guid(f0953a3bef8b12d4da84d9a9ad5fafe6) Importer(815301076,1909f56bfc062723c751e8b465ee728b)
Start importing Assets/Characters/Soldados/Idle.fbx using Guid(f0953a3bef8b12d4da84d9a9ad5fafe6) Importer(815301076,1909f56bfc062723c751e8b465ee728b)  -> (artifact id: '8902a5e8192b3f68ede43267e954d86b') in 0.213758 seconds 
========================================================================
Received Prepare
Registering precompiled user dll's ...
Registered in 0.005676 seconds.
Begin MonoManager ReloadAssembly
Native extension for WindowsStandalone target not found
Refreshing native plugins compatible for Editor in 0.65 ms, found 2 plugins.
Preloading 0 native plugins for Editor in 0.00 ms.
Mono: successfully reloaded assembly
- Completed reload, in  1.991 seconds
Domain Reload Profiling:
	ReloadAssembly (1992ms)
		BeginReloadAssembly (234ms)
			ExecutionOrderSort (0ms)
			DisableScriptedObjects (11ms)
			BackupInstance (0ms)
			ReleaseScriptingObjects (0ms)
			CreateAndSetChildDomain (82ms)
		EndReloadAssembly (1611ms)
			LoadAssemblies (201ms)
			RebuildTransferFunctionScriptingTraits (0ms)
			SetupTypeCache (619ms)
			ReleaseScriptCaches (1ms)
			RebuildScriptCaches (95ms)
			SetupLoadedEditorAssemblies (482ms)
				LogAssemblyErrors (0ms)
				InitializePlatformSupportModulesInManaged (11ms)
				SetLoadedEditorAssemblies (1ms)
				RefreshPlugins (1ms)
				BeforeProcessingInitializeOnLoad (94ms)
				ProcessInitializeOnLoadAttributes (350ms)
				ProcessInitializeOnLoadMethodAttributes (12ms)
				AfterProcessingInitializeOnLoad (12ms)
				EditorAssembliesLoaded (0ms)
			ExecutionOrderSort2 (0ms)
			AwakeInstancesAfterBackupRestoration (10ms)
Platform modules already initialized, skipping
Refreshing native plugins compatible for Editor in 1.10 ms, found 2 plugins.
Preloading 0 native plugins for Editor in 0.00 ms.
Unloading 1419 Unused Serialized files (Serialized files now loaded: 0)
System memory in use before: 100.8 MB.
System memory in use after: 100.9 MB.

Unloading 11 unused Assets to reduce memory usage. Loaded Objects now: 1965.
Total: 3.073200 ms (FindLiveObjects: 0.198700 ms CreateObjectMapping: 0.063400 ms MarkObjects: 2.761600 ms  DeleteObjects: 0.047200 ms)

AssetImportParameters requested are different than current active one (requested -> active):
  custom:framework-win-MediaFoundation: 216162199b28c13a410421893ffa2e32 -> 
  custom:video-decoder-ogg-theora: a1e56fd34408186e4bbccfd4996cb3dc -> 
  custom:container-muxer-webm: aa71ff27fc2769a1b78a27578f13a17b -> 
  custom:container-demuxer-webm: 4f35f7cbe854078d1ac9338744f61a02 -> 
  custom:container-demuxer-ogg: 62fdf1f143b41e24485cea50d1cbac27 -> 
  custom:video-encoder-webm-vp8: eb34c28f22e8b96e1ab97ce403110664 -> 
  custom:video-codec-MediaFoundation-h265: 746d11721c4dcdbdad8f713fa42b33f4 -> 
  custom:video-decoder-webm-vp8: 9c59270c3fd7afecdb556c50c9e8de78 -> 
  custom:audio-decoder-ogg-vorbis: bf7c407c2cedff20999df2af8eb42d56 -> 
  custom:audio-encoder-webm-vorbis: bf7c407c2cedff20999df2af8eb42d56 -> 
========================================================================
Received Import Request.
  Time since last request: 398.042744 seconds.
  path: Assets/Scenes/Escenas transitivas/Aldea_Reino.unity
  artifactKey: Guid(33f85c27225cc5640ab558a7829f8784) Importer(815301076,1909f56bfc062723c751e8b465ee728b)
Start importing Assets/Scenes/Escenas transitivas/Aldea_Reino.unity using Guid(33f85c27225cc5640ab558a7829f8784) Importer(815301076,1909f56bfc062723c751e8b465ee728b)  -> (artifact id: '4f000f860002e0551460b1a7f21f5d18') in 0.047807 seconds 
========================================================================
Received Import Request.
  Time since last request: 7.663416 seconds.
  path: Assets/Scenes/Castle Castilla.unity
  artifactKey: Guid(4b1d27f22d442964f88bc68fbd2fd3a0) Importer(815301076,1909f56bfc062723c751e8b465ee728b)
Start importing Assets/Scenes/Castle Castilla.unity using Guid(4b1d27f22d442964f88bc68fbd2fd3a0) Importer(815301076,1909f56bfc062723c751e8b465ee728b)  -> (artifact id: '29c470a4daa5f2ecaea3788b2d676c2b') in 0.015218 seconds 
========================================================================
Received Import Request.
  Time since last request: 160.845930 seconds.
  path: Assets/Scenes/Escenas transitivas/Final.cs
  artifactKey: Guid(d5816d76bd9815a448a5c85043a571d9) Importer(815301076,1909f56bfc062723c751e8b465ee728b)
Start importing Assets/Scenes/Escenas transitivas/Final.cs using Guid(d5816d76bd9815a448a5c85043a571d9) Importer(815301076,1909f56bfc062723c751e8b465ee728b)  -> (artifact id: '70915f1e5e0b01a4e3ceec36a2375e7b') in 0.019166 seconds 
========================================================================
Received Import Request.
  Time since last request: 46.603369 seconds.
  path: Assets/Scenes/Batalla Final.unity
  artifactKey: Guid(817839b957394a142bcb87e193746958) Importer(815301076,1909f56bfc062723c751e8b465ee728b)
Start importing Assets/Scenes/Batalla Final.unity using Guid(817839b957394a142bcb87e193746958) Importer(815301076,1909f56bfc062723c751e8b465ee728b)  -> (artifact id: 'd1a95770405f4b5566900111525776d6') in 0.018287 seconds 
========================================================================
Received Import Request.
  Time since last request: 79.859714 seconds.
  path: Assets/Scripts/Estados/EstadoJugador.cs
  artifactKey: Guid(9c8d617f98a3a85418bc42223e3eecec) Importer(815301076,1909f56bfc062723c751e8b465ee728b)
Start importing Assets/Scripts/Estados/EstadoJugador.cs using Guid(9c8d617f98a3a85418bc42223e3eecec) Importer(815301076,1909f56bfc062723c751e8b465ee728b)  -> (artifact id: 'f44a13ba83bd9f443232779bae89a1b8') in 0.066760 seconds 
========================================================================
Received Import Request.
  Time since last request: 10.134402 seconds.
  path: Assets/Scripts/Estados/EstadoEnemigo.cs
  artifactKey: Guid(da889d3e134317946bd9be843e45e8ef) Importer(815301076,1909f56bfc062723c751e8b465ee728b)
Start importing Assets/Scripts/Estados/EstadoEnemigo.cs using Guid(da889d3e134317946bd9be843e45e8ef) Importer(815301076,1909f56bfc062723c751e8b465ee728b)  -> (artifact id: 'f7bca42129d876ba9764a5c4db4bfbda') in 1.535451 seconds 
========================================================================
Received Import Request.
  Time since last request: 125.570536 seconds.
  path: Assets/Scripts/CargaInfo.cs
  artifactKey: Guid(9c04463e812c0c6428422ae5c503db86) Importer(815301076,1909f56bfc062723c751e8b465ee728b)
Start importing Assets/Scripts/CargaInfo.cs using Guid(9c04463e812c0c6428422ae5c503db86) Importer(815301076,1909f56bfc062723c751e8b465ee728b)  -> (artifact id: '7e7edaa8f89a5a2ac521e13ca08f6880') in 0.026921 seconds 
========================================================================
Received Prepare
Registering precompiled user dll's ...
Registered in 0.037695 seconds.
Begin MonoManager ReloadAssembly
Native extension for WindowsStandalone target not found
Refreshing native plugins compatible for Editor in 1.09 ms, found 2 plugins.
Preloading 0 native plugins for Editor in 0.00 ms.
Mono: successfully reloaded assembly
- Completed reload, in 13.325 seconds
Domain Reload Profiling:
	ReloadAssembly (13328ms)
		BeginReloadAssembly (1484ms)
			ExecutionOrderSort (0ms)
			DisableScriptedObjects (55ms)
			BackupInstance (0ms)
			ReleaseScriptingObjects (0ms)
			CreateAndSetChildDomain (426ms)
		EndReloadAssembly (11102ms)
			LoadAssemblies (1525ms)
			RebuildTransferFunctionScriptingTraits (0ms)
			SetupTypeCache (4621ms)
			ReleaseScriptCaches (9ms)
			RebuildScriptCaches (421ms)
			SetupLoadedEditorAssemblies (3652ms)
				LogAssemblyErrors (0ms)
				InitializePlatformSupportModulesInManaged (54ms)
				SetLoadedEditorAssemblies (2ms)
				RefreshPlugins (1ms)
				BeforeProcessingInitializeOnLoad (487ms)
				ProcessInitializeOnLoadAttributes (2977ms)
				ProcessInitializeOnLoadMethodAttributes (43ms)
				AfterProcessingInitializeOnLoad (82ms)
				EditorAssembliesLoaded (6ms)
			ExecutionOrderSort2 (0ms)
			AwakeInstancesAfterBackupRestoration (116ms)
Platform modules already initialized, skipping
Refreshing native plugins compatible for Editor in 3.36 ms, found 2 plugins.
Preloading 0 native plugins for Editor in 0.00 ms.
Unloading 1419 Unused Serialized files (Serialized files now loaded: 0)
System memory in use before: 100.8 MB.
System memory in use after: 100.9 MB.

Unloading 11 unused Assets to reduce memory usage. Loaded Objects now: 1967.
Total: 6.104300 ms (FindLiveObjects: 0.262200 ms CreateObjectMapping: 0.153500 ms MarkObjects: 5.508500 ms  DeleteObjects: 0.172700 ms)

AssetImportParameters requested are different than current active one (requested -> active):
  custom:framework-win-MediaFoundation: 216162199b28c13a410421893ffa2e32 -> 
  custom:video-decoder-ogg-theora: a1e56fd34408186e4bbccfd4996cb3dc -> 
  custom:container-muxer-webm: aa71ff27fc2769a1b78a27578f13a17b -> 
  custom:container-demuxer-webm: 4f35f7cbe854078d1ac9338744f61a02 -> 
  custom:container-demuxer-ogg: 62fdf1f143b41e24485cea50d1cbac27 -> 
  custom:video-encoder-webm-vp8: eb34c28f22e8b96e1ab97ce403110664 -> 
  custom:video-codec-MediaFoundation-h265: 746d11721c4dcdbdad8f713fa42b33f4 -> 
  custom:video-decoder-webm-vp8: 9c59270c3fd7afecdb556c50c9e8de78 -> 
  custom:audio-decoder-ogg-vorbis: bf7c407c2cedff20999df2af8eb42d56 -> 
  custom:audio-encoder-webm-vorbis: bf7c407c2cedff20999df2af8eb42d56 -> 
========================================================================
Received Prepare
Registering precompiled user dll's ...
Registered in 0.138793 seconds.
Begin MonoManager ReloadAssembly
Native extension for WindowsStandalone target not found
Refreshing native plugins compatible for Editor in 0.67 ms, found 2 plugins.
Preloading 0 native plugins for Editor in 0.00 ms.
Mono: successfully reloaded assembly
- Completed reload, in  9.111 seconds
Domain Reload Profiling:
	ReloadAssembly (9124ms)
		BeginReloadAssembly (3039ms)
			ExecutionOrderSort (0ms)
			DisableScriptedObjects (299ms)
			BackupInstance (0ms)
			ReleaseScriptingObjects (5ms)
			CreateAndSetChildDomain (1366ms)
		EndReloadAssembly (3934ms)
			LoadAssemblies (2223ms)
			RebuildTransferFunctionScriptingTraits (0ms)
			SetupTypeCache (1074ms)
			ReleaseScriptCaches (2ms)
			RebuildScriptCaches (106ms)
			SetupLoadedEditorAssemblies (945ms)
				LogAssemblyErrors (0ms)
				InitializePlatformSupportModulesInManaged (22ms)
				SetLoadedEditorAssemblies (1ms)
				RefreshPlugins (1ms)
				BeforeProcessingInitializeOnLoad (145ms)
				ProcessInitializeOnLoadAttributes (735ms)
				ProcessInitializeOnLoadMethodAttributes (13ms)
				AfterProcessingInitializeOnLoad (27ms)
				EditorAssembliesLoaded (1ms)
			ExecutionOrderSort2 (0ms)
			AwakeInstancesAfterBackupRestoration (26ms)
Platform modules already initialized, skipping
Refreshing native plugins compatible for Editor in 3.21 ms, found 2 plugins.
Preloading 0 native plugins for Editor in 0.00 ms.
Unloading 1419 Unused Serialized files (Serialized files now loaded: 0)
System memory in use before: 100.8 MB.
System memory in use after: 100.9 MB.

Unloading 11 unused Assets to reduce memory usage. Loaded Objects now: 1969.
Total: 53.422800 ms (FindLiveObjects: 0.987800 ms CreateObjectMapping: 1.107400 ms MarkObjects: 51.266600 ms  DeleteObjects: 0.051100 ms)

AssetImportParameters requested are different than current active one (requested -> active):
  custom:framework-win-MediaFoundation: 216162199b28c13a410421893ffa2e32 -> 
  custom:video-decoder-ogg-theora: a1e56fd34408186e4bbccfd4996cb3dc -> 
  custom:container-muxer-webm: aa71ff27fc2769a1b78a27578f13a17b -> 
  custom:container-demuxer-webm: 4f35f7cbe854078d1ac9338744f61a02 -> 
  custom:container-demuxer-ogg: 62fdf1f143b41e24485cea50d1cbac27 -> 
  custom:video-encoder-webm-vp8: eb34c28f22e8b96e1ab97ce403110664 -> 
  custom:video-codec-MediaFoundation-h265: 746d11721c4dcdbdad8f713fa42b33f4 -> 
  custom:video-decoder-webm-vp8: 9c59270c3fd7afecdb556c50c9e8de78 -> 
  custom:audio-decoder-ogg-vorbis: bf7c407c2cedff20999df2af8eb42d56 -> 
  custom:audio-encoder-webm-vorbis: bf7c407c2cedff20999df2af8eb42d56 -> 
AssetImportWorkerClient::OnTransportError - code=2 error=End of file
